<?xml version="1.0" encoding="UTF-8"?>
<!-- Generated by org.testng.reporters.JUnitReportReporter -->
<testsuite skipped="0" hostname="DESKTOP-DQ56HI0" name="RestAPI.GetCall" tests="1" failures="0" timestamp="12 Oct 2020 22:42:39 GMT" time="4.137" errors="0">
  <testcase name="NewGetCall_Method" time="4.137" classname="RestAPI.GetCall"/>
</testsuite> <!-- RestAPI.GetCall -->
