<?xml version="1.0" encoding="UTF-8"?>
<!-- Generated by org.testng.reporters.JUnitReportReporter -->
<testsuite skipped="0" hostname="DESKTOP-DQ56HI0" name="RestAPI.DeleteCall" tests="1" failures="0" timestamp="13 Oct 2020 04:13:23 GMT" time="3.119" errors="0">
  <testcase name="deleteCall_Method" time="3.119" classname="RestAPI.DeleteCall"/>
</testsuite> <!-- RestAPI.DeleteCall -->
