<?xml version="1.0" encoding="UTF-8"?>
<!-- Generated by org.testng.reporters.JUnitReportReporter -->
<testsuite skipped="0" hostname="DESKTOP-DQ56HI0" name="RestAPI.PostCall" tests="1" failures="0" timestamp="13 Oct 2020 03:20:23 GMT" time="3.363" errors="0">
  <testcase name="PostCall_withSimplePayload" time="3.363" classname="RestAPI.PostCall"/>
</testsuite> <!-- RestAPI.PostCall -->
