<?xml version="1.0" encoding="UTF-8"?>
<!-- Generated by org.testng.reporters.JUnitReportReporter -->
<testsuite skipped="0" hostname="DESKTOP-DQ56HI0" name="RestAPI.DataProviderPostCall" tests="2" failures="0" timestamp="13 Oct 2020 04:08:51 GMT" time="3.401" errors="0">
  <testcase name="putCall" time="0.058" classname="RestAPI.DataProviderPostCall"/>
  <testcase name="putCall" time="3.343" classname="RestAPI.DataProviderPostCall"/>
</testsuite> <!-- RestAPI.DataProviderPostCall -->
