<?xml version="1.0" encoding="UTF-8"?>
<!-- Generated by org.testng.reporters.JUnitReportReporter -->
<testsuite skipped="0" hostname="DESKTOP-DQ56HI0" name="RestAPI.PatchCall" tests="1" failures="0" timestamp="02 Nov 2020 00:27:52 GMT" time="3.286" errors="0">
  <testcase name="patchCall_Method" time="3.286" classname="RestAPI.PatchCall"/>
</testsuite> <!-- RestAPI.PatchCall -->
